<?xml version="1.0" encoding="UTF-8"?>
<testng-results ignored="0" total="1" passed="1" failed="0" skipped="0">
  <reporter-output>
  </reporter-output>
  <suite started-at="2023-01-18T13:00:07 CST" name="Default suite" finished-at="2023-01-18T13:00:14 CST" duration-ms="7926">
    <groups>
    </groups>
    <test started-at="2023-01-18T13:00:07 CST" name="Default test" finished-at="2023-01-18T13:00:14 CST" duration-ms="7926">
      <class name="test.AddCustomerTest">
        <test-method signature="validCustomerShouldBeAbleToCreatCustomer()[pri:0, instance:test.AddCustomerTest@72ea6193]" started-at="2023-01-18T13:00:07 CST" name="validCustomerShouldBeAbleToCreatCustomer" finished-at="2023-01-18T13:00:14 CST" duration-ms="7900" status="PASS">
          <reporter-output>
          </reporter-output>
        </test-method> <!-- validCustomerShouldBeAbleToCreatCustomer -->
      </class> <!-- test.AddCustomerTest -->
    </test> <!-- Default test -->
  </suite> <!-- Default suite -->
</testng-results>
